#-----------------------------------------------------------
# Vivado v2020.1.1 (64-bit)
# SW Build 2960000 on Wed Aug  5 22:57:20 MDT 2020
# IP Build 2956692 on Thu Aug  6 01:41:30 MDT 2020
# Start of session at: Wed Dec  2 11:42:45 2020
# Process ID: 13592
# Current directory: Z:/FALL 2020 SCHOOL/COMPE 470L/FinalProject_ArmaanKafaipour_820398274
# Command line: vivado.exe -gui_launcher_event rodinguilauncherevent2532 Z:\FALL 2020 SCHOOL\COMPE 470L\FinalProject_ArmaanKafaipour_820398274\finalproject modular test.xpr
# Log file: Z:/FALL 2020 SCHOOL/COMPE 470L/FinalProject_ArmaanKafaipour_820398274/vivado.log
# Journal file: Z:/FALL 2020 SCHOOL/COMPE 470L/FinalProject_ArmaanKafaipour_820398274\vivado.jou
#-----------------------------------------------------------
start_gui
open_project {Z:/FALL 2020 SCHOOL/COMPE 470L/FinalProject_ArmaanKafaipour_820398274/finalproject modular test.xpr}
INFO: [Project 1-313] Project file moved from 'Z:/FALL 2020 SCHOOL/COMPE 470L/finalproject modular test' since last save.
Scanning sources...
Finished scanning sources
INFO: [IP_Flow 19-234] Refreshing IP repositories
INFO: [IP_Flow 19-1704] No user IP repositories specified
INFO: [IP_Flow 19-2313] Loaded Vivado IP repository 'Z:/Xilinx/Vivado/2020.1/data/ip'.
open_project: Time (s): cpu = 00:00:08 ; elapsed = 00:00:17 . Memory (MB): peak = 1006.504 ; gain = 0.000
update_compile_order -fileset sources_1
open_hw_manager
connect_hw_server -allow_non_jtag
INFO: [Labtools 27-2285] Connecting to hw_server url TCP:localhost:3121
INFO: [Labtools 27-2222] Launching hw_server...
INFO: [Labtools 27-2221] Launch Output:

****** Xilinx hw_server v2020.1.1
  **** Build date : Aug  5 2020 at 23:32:11
    ** Copyright 1986-2020 Xilinx, Inc. All Rights Reserved.


INFO: [Labtools 27-3415] Connecting to cs_server url TCP:localhost:3042
INFO: [Labtools 27-3417] Launching cs_server...
INFO: [Labtools 27-2221] Launch Output:


****** Xilinx cs_server v2020.1.0
  **** Build date : May 13 2020-18:10:29
    ** Copyright 2017-2020 Xilinx, Inc. All Rights Reserved.



connect_hw_server: Time (s): cpu = 00:00:01 ; elapsed = 00:00:10 . Memory (MB): peak = 1006.504 ; gain = 0.000
open_hw_target
INFO: [Labtoolstcl 44-466] Opening hw_target localhost:3121/xilinx_tcf/Digilent/210183AFCFDEA
set_property PROGRAM.FILE {Z:/FALL 2020 SCHOOL/COMPE 470L/FinalProject_ArmaanKafaipour_820398274/finalproject modular test.runs/impl_1/main.bit} [get_hw_devices xc7a35t_0]
current_hw_device [get_hw_devices xc7a35t_0]
refresh_hw_device -update_hw_probes false [lindex [get_hw_devices xc7a35t_0] 0]
INFO: [Labtools 27-1434] Device xc7a35t (JTAG device index = 0) is programmed with a design that has no supported debug core(s) in it.
ERROR: [Labtoolstcl 44-513] HW Target shutdown. Closing target: localhost:3121/xilinx_tcf/Digilent/210183AFCFDEA
disconnect_hw_server localhost:3121
connect_hw_server -allow_non_jtag
INFO: [Labtools 27-2285] Connecting to hw_server url TCP:localhost:3121
INFO: [Labtools 27-3415] Connecting to cs_server url TCP:localhost:3042
INFO: [Labtools 27-3414] Connected to existing cs_server.
open_hw_target
INFO: [Labtoolstcl 44-466] Opening hw_target localhost:3121/xilinx_tcf/Digilent/210183AFCFDEA
set_property PROGRAM.FILE {Z:/FALL 2020 SCHOOL/COMPE 470L/FinalProject_ArmaanKafaipour_820398274/finalproject modular test.runs/impl_1/main.bit} [get_hw_devices xc7a35t_0]
current_hw_device [get_hw_devices xc7a35t_0]
refresh_hw_device -update_hw_probes false [lindex [get_hw_devices xc7a35t_0] 0]
INFO: [Labtools 27-1434] Device xc7a35t (JTAG device index = 0) is programmed with a design that has no supported debug core(s) in it.
set_property PROBES.FILE {} [get_hw_devices xc7a35t_0]
set_property FULL_PROBES.FILE {} [get_hw_devices xc7a35t_0]
set_property PROGRAM.FILE {Z:/FALL 2020 SCHOOL/COMPE 470L/FinalProject_ArmaanKafaipour_820398274/finalproject modular test.runs/impl_1/main.bit} [get_hw_devices xc7a35t_0]
program_hw_devices [get_hw_devices xc7a35t_0]
INFO: [Labtools 27-3164] End of startup status: HIGH
refresh_hw_device [lindex [get_hw_devices xc7a35t_0] 0]
INFO: [Labtools 27-1434] Device xc7a35t (JTAG device index = 0) is programmed with a design that has no supported debug core(s) in it.
ERROR: [Labtoolstcl 44-513] HW Target shutdown. Closing target: localhost:3121/xilinx_tcf/Digilent/210183AFCFDEA
exit
INFO: [Common 17-206] Exiting Vivado at Wed Dec  2 13:26:23 2020...
