#-----------------------------------------------------------
# Vivado v2020.1.1 (64-bit)
# SW Build 2960000 on Wed Aug  5 22:57:20 MDT 2020
# IP Build 2956692 on Thu Aug  6 01:41:30 MDT 2020
# Start of session at: Fri Dec 18 04:46:16 2020
# Process ID: 13440
# Current directory: Z:/FALL 2020 SCHOOL/COMPE 470L/FinalProject_ArmaanKafaipour_820398274
# Command line: vivado.exe -gui_launcher_event rodinguilauncherevent7104 Z:\FALL 2020 SCHOOL\COMPE 470L\FinalProject_ArmaanKafaipour_820398274\Basys 3 Arcade Game.xpr
# Log file: Z:/FALL 2020 SCHOOL/COMPE 470L/FinalProject_ArmaanKafaipour_820398274/vivado.log
# Journal file: Z:/FALL 2020 SCHOOL/COMPE 470L/FinalProject_ArmaanKafaipour_820398274\vivado.jou
#-----------------------------------------------------------
start_gui
open_project {Z:/FALL 2020 SCHOOL/COMPE 470L/FinalProject_ArmaanKafaipour_820398274/Basys 3 Arcade Game.xpr}
INFO: [Project 1-313] Project file moved from 'Z:/FALL 2020 SCHOOL/COMPE 470L/finalproject modular test' since last save.
Scanning sources...
Finished scanning sources
INFO: [IP_Flow 19-234] Refreshing IP repositories
INFO: [IP_Flow 19-1704] No user IP repositories specified
INFO: [IP_Flow 19-2313] Loaded Vivado IP repository 'Z:/Xilinx/Vivado/2020.1/data/ip'.
update_compile_order -fileset sources_1
reset_run synth_1
launch_runs impl_1 -to_step write_bitstream -jobs 2
[Fri Dec 18 04:47:41 2020] Launched synth_1...
Run output will be captured here: Z:/FALL 2020 SCHOOL/COMPE 470L/FinalProject_ArmaanKafaipour_820398274/Basys 3 Arcade Game.runs/synth_1/runme.log
[Fri Dec 18 04:47:41 2020] Launched impl_1...
Run output will be captured here: Z:/FALL 2020 SCHOOL/COMPE 470L/FinalProject_ArmaanKafaipour_820398274/Basys 3 Arcade Game.runs/impl_1/runme.log
exit
INFO: [Common 17-206] Exiting Vivado at Fri Dec 18 04:49:46 2020...
